mkdir -p ../src/com/plivo/endpoint/backend
mkdir -p ../src/jni
swig -D__ANDROID__ -c++ -java  -package com.plivo.endpoint.backend \
		-outdir ../src/com/plivo/endpoint/backend \
		-o ../src/jni/pjsua_wrap.cpp pjplivo.i
/Users/anil/Library/Android/sdk/ndk-bundle-r12b/toolchains/arm-linux-androideabi-4.9/prebuilt/darwin-x86_64/bin/arm-linux-androideabi-g++ -c ../src/jni/pjsua_wrap.cpp -o ../src/jni/pjsua_wrap.o \
		-shared --sysroot=/Users/anil/Library/Android/sdk/ndk-bundle-r12b/platforms/android-24/arch-arm -lgcc -no-canonical-prefixes -march=armv7-a -Wl,--fix-cortex-a8 -Wl,--build-id -Wl,--no-undefined -Wl,-z,noexecstack -Wl,-z,relro -Wl,-z,now -Wl,--warn-shared-textrel -Wl,--fatal-warnings -lc -lm -fexceptions -frtti -DPJ_AUTOCONF=1 -fpic -ffunction-sections -funwind-tables -no-canonical-prefixes -march=armv7-a -mfpu=vfpv3-d16 -mfloat-abi=softfp -mthumb -Os -DNDEBUG -Ijni -DANDROID -Wa,--noexecstack -Wformat -Werror=format-security -isystem /Users/anil/Library/Android/sdk/ndk-bundle-r12b/platforms/android-24/arch-arm/usr/include  -I/Users/anil/Library/Android/sdk/ndk-bundle-r12b//sources/cxx-stl/gnu-libstdc++/4.9/include -I/Users/anil/Library/Android/sdk/ndk-bundle-r12b//sources/cxx-stl/gnu-libstdc++/4.9/libs/armeabi-v7a/include -DPJ_IS_BIG_ENDIAN=0 -DPJ_IS_LITTLE_ENDIAN=1 -I../openssl/armeabi-v7a//include             -I/Users/anil/Desktop/office/cflag/flx/plv/plivo-android-sdk/pjsip/pjproject-2.8/pjlib/include -I/Users/anil/Desktop/office/cflag/flx/plv/plivo-android-sdk/pjsip/pjproject-2.8/pjlib-util/include -I/Users/anil/Desktop/office/cflag/flx/plv/plivo-android-sdk/pjsip/pjproject-2.8/pjnath/include -I/Users/anil/Desktop/office/cflag/flx/plv/plivo-android-sdk/pjsip/pjproject-2.8/pjmedia/include -I/Users/anil/Desktop/office/cflag/flx/plv/plivo-android-sdk/pjsip/pjproject-2.8/pjsip/include -D__ANDROID__ -fPIC 
/Users/anil/Library/Android/sdk/ndk-bundle-r12b/toolchains/arm-linux-androideabi-4.9/prebuilt/darwin-x86_64/bin/arm-linux-androideabi-g++ -c plivo_app_callback.cpp -o ../src/jni/plivo_app_callback.o \
		-shared --sysroot=/Users/anil/Library/Android/sdk/ndk-bundle-r12b/platforms/android-24/arch-arm -lgcc -no-canonical-prefixes -march=armv7-a -Wl,--fix-cortex-a8 -Wl,--build-id -Wl,--no-undefined -Wl,-z,noexecstack -Wl,-z,relro -Wl,-z,now -Wl,--warn-shared-textrel -Wl,--fatal-warnings -lc -lm -fexceptions -frtti -DPJ_AUTOCONF=1 -fpic -ffunction-sections -funwind-tables -no-canonical-prefixes -march=armv7-a -mfpu=vfpv3-d16 -mfloat-abi=softfp -mthumb -Os -DNDEBUG -Ijni -DANDROID -Wa,--noexecstack -Wformat -Werror=format-security -isystem /Users/anil/Library/Android/sdk/ndk-bundle-r12b/platforms/android-24/arch-arm/usr/include  -I/Users/anil/Library/Android/sdk/ndk-bundle-r12b//sources/cxx-stl/gnu-libstdc++/4.9/include -I/Users/anil/Library/Android/sdk/ndk-bundle-r12b//sources/cxx-stl/gnu-libstdc++/4.9/libs/armeabi-v7a/include -DPJ_IS_BIG_ENDIAN=0 -DPJ_IS_LITTLE_ENDIAN=1 -I../openssl/armeabi-v7a//include             -I/Users/anil/Desktop/office/cflag/flx/plv/plivo-android-sdk/pjsip/pjproject-2.8/pjlib/include -I/Users/anil/Desktop/office/cflag/flx/plv/plivo-android-sdk/pjsip/pjproject-2.8/pjlib-util/include -I/Users/anil/Desktop/office/cflag/flx/plv/plivo-android-sdk/pjsip/pjproject-2.8/pjnath/include -I/Users/anil/Desktop/office/cflag/flx/plv/plivo-android-sdk/pjsip/pjproject-2.8/pjmedia/include -I/Users/anil/Desktop/office/cflag/flx/plv/plivo-android-sdk/pjsip/pjproject-2.8/pjsip/include -D__ANDROID__ -fPIC 
plivo_app_callback.cpp: In function 'int Login(char*, char*, int)':
plivo_app_callback.cpp:311:51: warning: deprecated conversion from string constant to 'char*' [-Wwrite-strings]
             cfg.reg_uri = pj_str("sip:" SIP_DOMAIN);
                                                   ^
plivo_app_callback.cpp:313:55: warning: deprecated conversion from string constant to 'char*' [-Wwrite-strings]
             cfg.cred_info[0].realm = pj_str(SIP_DOMAIN);
                                                       ^
plivo_app_callback.cpp:314:54: warning: deprecated conversion from string constant to 'char*' [-Wwrite-strings]
             cfg.cred_info[0].scheme = pj_str("digest");
                                                      ^
plivo_app_callback.cpp:318:83: warning: deprecated conversion from string constant to 'char*' [-Wwrite-strings]
             cfg.proxy[cfg.proxy_cnt++] = pj_str("sip:" SIP_DOMAIN ";transport=tls");
                                                                                   ^
plivo_app_callback.cpp: In function 'int initPjsua()':
plivo_app_callback.cpp:454:17: warning: deprecated conversion from string constant to 'char*' [-Wwrite-strings]
     char *str = "PlivoAndroidSDK-v";
                 ^
plivo_app_callback.cpp: In function 'void registerToken(char*)':
plivo_app_callback.cpp:753:42: warning: deprecated conversion from string constant to 'char*' [-Wwrite-strings]
     pj_str_t name = pj_str("AndroidToken");
                                          ^
plivo_app_callback.cpp:764:35: warning: deprecated conversion from string constant to 'char*' [-Wwrite-strings]
     pj_str_t value2 = pj_str("GCM");
                                   ^
plivo_app_callback.cpp: In function 'void relayVoipPushNotification(char*)':
plivo_app_callback.cpp:856:38: warning: deprecated conversion from string constant to 'char*' [-Wwrite-strings]
     pj_str_t name1 = pj_str("X-Label");
                                      ^
plivo_app_callback.cpp:861:38: warning: deprecated conversion from string constant to 'char*' [-Wwrite-strings]
     pj_str_t name2 = pj_str("X-Index");
                                      ^
#mkdir -p ../app/src/main/jniLibs/armeabi
/Users/anil/Library/Android/sdk/ndk-bundle-r12b/toolchains/arm-linux-androideabi-4.9/prebuilt/darwin-x86_64/bin/arm-linux-androideabi-g++ -shared -o ../src/libs/libpjplivo.so \
	../src/jni/pjsua_wrap.o ../src/jni/plivo_app_callback.o \
	/Users/anil/Desktop/office/cflag/flx/plv/plivo-android-sdk/pjsip/pjproject-2.8/pjsip-apps/build/output/pjsua-arm-unknown-linux-androideabi/pjsua_app.o /Users/anil/Desktop/office/cflag/flx/plv/plivo-android-sdk/pjsip/pjproject-2.8/pjsip-apps/build/output/pjsua-arm-unknown-linux-androideabi/pjsua_app_cli.o /Users/anil/Desktop/office/cflag/flx/plv/plivo-android-sdk/pjsip/pjproject-2.8/pjsip-apps/build/output/pjsua-arm-unknown-linux-androideabi/pjsua_app_common.o /Users/anil/Desktop/office/cflag/flx/plv/plivo-android-sdk/pjsip/pjproject-2.8/pjsip-apps/build/output/pjsua-arm-unknown-linux-androideabi/pjsua_app_config.o /Users/anil/Desktop/office/cflag/flx/plv/plivo-android-sdk/pjsip/pjproject-2.8/pjsip-apps/build/output/pjsua-arm-unknown-linux-androideabi/pjsua_app_legacy.o \
		-shared --sysroot=/Users/anil/Library/Android/sdk/ndk-bundle-r12b/platforms/android-24/arch-arm -lgcc -no-canonical-prefixes -march=armv7-a -Wl,--fix-cortex-a8 -Wl,--build-id -Wl,--no-undefined -Wl,-z,noexecstack -Wl,-z,relro -Wl,-z,now -Wl,--warn-shared-textrel -Wl,--fatal-warnings -lc -lm -fexceptions -frtti -DPJ_AUTOCONF=1 -fpic -ffunction-sections -funwind-tables -no-canonical-prefixes -march=armv7-a -mfpu=vfpv3-d16 -mfloat-abi=softfp -mthumb -Os -DNDEBUG -Ijni -DANDROID -Wa,--noexecstack -Wformat -Werror=format-security -isystem /Users/anil/Library/Android/sdk/ndk-bundle-r12b/platforms/android-24/arch-arm/usr/include  -I/Users/anil/Library/Android/sdk/ndk-bundle-r12b//sources/cxx-stl/gnu-libstdc++/4.9/include -I/Users/anil/Library/Android/sdk/ndk-bundle-r12b//sources/cxx-stl/gnu-libstdc++/4.9/libs/armeabi-v7a/include -DPJ_IS_BIG_ENDIAN=0 -DPJ_IS_LITTLE_ENDIAN=1 -I../openssl/armeabi-v7a//include             -I/Users/anil/Desktop/office/cflag/flx/plv/plivo-android-sdk/pjsip/pjproject-2.8/pjlib/include -I/Users/anil/Desktop/office/cflag/flx/plv/plivo-android-sdk/pjsip/pjproject-2.8/pjlib-util/include -I/Users/anil/Desktop/office/cflag/flx/plv/plivo-android-sdk/pjsip/pjproject-2.8/pjnath/include -I/Users/anil/Desktop/office/cflag/flx/plv/plivo-android-sdk/pjsip/pjproject-2.8/pjmedia/include -I/Users/anil/Desktop/office/cflag/flx/plv/plivo-android-sdk/pjsip/pjproject-2.8/pjsip/include -D__ANDROID__ -fPIC  -L/Users/anil/Desktop/office/cflag/flx/plv/plivo-android-sdk/pjsip/pjproject-2.8/pjlib/lib -L/Users/anil/Desktop/office/cflag/flx/plv/plivo-android-sdk/pjsip/pjproject-2.8/pjlib-util/lib -L/Users/anil/Desktop/office/cflag/flx/plv/plivo-android-sdk/pjsip/pjproject-2.8/pjnath/lib -L/Users/anil/Desktop/office/cflag/flx/plv/plivo-android-sdk/pjsip/pjproject-2.8/pjmedia/lib -L/Users/anil/Desktop/office/cflag/flx/plv/plivo-android-sdk/pjsip/pjproject-2.8/pjsip/lib -L/Users/anil/Desktop/office/cflag/flx/plv/plivo-android-sdk/pjsip/pjproject-2.8/third_party/lib         --sysroot=/Users/anil/Library/Android/sdk/ndk-bundle-r12b/platforms/android-24/arch-arm -L/Users/anil/Library/Android/sdk/ndk-bundle-r12b//sources/cxx-stl/gnu-libstdc++/4.9/libs/armeabi-v7a/ -L../openssl/armeabi-v7a//lib -lpjsua2-arm-unknown-linux-androideabi -lstdc++ -lpjsua-arm-unknown-linux-androideabi -lpjsip-ua-arm-unknown-linux-androideabi -lpjsip-simple-arm-unknown-linux-androideabi -lpjsip-arm-unknown-linux-androideabi -lpjmedia-codec-arm-unknown-linux-androideabi -lpjmedia-arm-unknown-linux-androideabi -lpjmedia-videodev-arm-unknown-linux-androideabi -lpjmedia-audiodev-arm-unknown-linux-androideabi -lpjmedia-arm-unknown-linux-androideabi -lpjnath-arm-unknown-linux-androideabi -lpjlib-util-arm-unknown-linux-androideabi  -lsrtp-arm-unknown-linux-androideabi -lresample-arm-unknown-linux-androideabi -lgsmcodec-arm-unknown-linux-androideabi -lspeex-arm-unknown-linux-androideabi -lilbccodec-arm-unknown-linux-androideabi -lg7221codec-arm-unknown-linux-androideabi -lyuv-arm-unknown-linux-androideabi -lwebrtc-arm-unknown-linux-androideabi  -lpj-arm-unknown-linux-androideabi -lm -lgnustl_static  -lc -lgcc -ldl -lOpenSLES -llog -lGLESv2 -lEGL -landroid -Wl,-soname,libpjplivo.so 
/Users/anil/Library/Android/sdk/ndk-bundle-r12b/toolchains/arm-linux-androideabi-4.9/prebuilt/darwin-x86_64/bin/../lib/gcc/arm-linux-androideabi/4.9.x/../../../../arm-linux-androideabi/bin/ld: fatal error: ../src/libs/libpjplivo.so: open: No such file or directory
collect2: error: ld returned 1 exit status
make: *** [../src/libs/libpjplivo.so] Error 1
