Android NDK: APP_PLATFORM not set. Defaulting to minimum supported version android-16.    
Android NDK: WARNING:jni/Android.mk:pjplivo: non-system libraries in linker flags: -lpjsua-arm-unknown-linux-androideabi -lpjsip-ua-arm-unknown-linux-androideabi -lpjsip-simple-arm-unknown-linux-androideabi -lpjsip-arm-unknown-linux-androideabi -lpjmedia-codec-arm-unknown-linux-androideabi -lpjmedia-arm-unknown-linux-androideabi -lpjmedia-videodev-arm-unknown-linux-androideabi -lpjmedia-audiodev-arm-unknown-linux-androideabi -lpjmedia-arm-unknown-linux-androideabi -lpjnath-arm-unknown-linux-androideabi -lpjlib-util-arm-unknown-linux-androideabi -lsrtp-arm-unknown-linux-androideabi -lresample-arm-unknown-linux-androideabi -lgsmcodec-arm-unknown-linux-androideabi -lspeex-arm-unknown-linux-androideabi -lilbccodec-arm-unknown-linux-androideabi -lg7221codec-arm-unknown-linux-androideabi -lyuv-arm-unknown-linux-androideabi -lwebrtc-arm-unknown-linux-androideabi -lpj-arm-unknown-linux-androideabi -lgnustl_static -lgcc    
Android NDK:     This is likely to result in incorrect builds. Try using LOCAL_STATIC_LIBRARIES    
Android NDK:     or LOCAL_SHARED_LIBRARIES instead to list the library dependencies of the    
Android NDK:     current module    
jni/Android.mk:36: warning: overriding commands for target `jni/pjsip_wrap.cpp'
jni/Android.mk:36: warning: ignoring old commands for target `jni/pjsip_wrap.cpp'
Android NDK: WARNING:jni/Android.mk:pjplivo: non-system libraries in linker flags: -lpjsua-arm-unknown-linux-androideabi -lpjsip-ua-arm-unknown-linux-androideabi -lpjsip-simple-arm-unknown-linux-androideabi -lpjsip-arm-unknown-linux-androideabi -lpjmedia-codec-arm-unknown-linux-androideabi -lpjmedia-arm-unknown-linux-androideabi -lpjmedia-videodev-arm-unknown-linux-androideabi -lpjmedia-audiodev-arm-unknown-linux-androideabi -lpjmedia-arm-unknown-linux-androideabi -lpjnath-arm-unknown-linux-androideabi -lpjlib-util-arm-unknown-linux-androideabi -lsrtp-arm-unknown-linux-androideabi -lresample-arm-unknown-linux-androideabi -lgsmcodec-arm-unknown-linux-androideabi -lspeex-arm-unknown-linux-androideabi -lilbccodec-arm-unknown-linux-androideabi -lg7221codec-arm-unknown-linux-androideabi -lyuv-arm-unknown-linux-androideabi -lwebrtc-arm-unknown-linux-androideabi -lpj-arm-unknown-linux-androideabi -lgnustl_static -lgcc    
Android NDK:     This is likely to result in incorrect builds. Try using LOCAL_STATIC_LIBRARIES    
Android NDK:     or LOCAL_SHARED_LIBRARIES instead to list the library dependencies of the    
Android NDK:     current module    
Invoking SWIG...
/usr/local/bin/swig -c++ -o jni/pjsip_wrap.cpp -package com.plivo.endpoint.backend -outdir src/com/plivo/endpoint/backend -java jni/pjplivo.i
[armeabi-v7a] Compile++ thumb: pjplivo <= pjsip_wrap.cpp
[armeabi-v7a] SharedLibrary  : libpjplivo.so
/Users/anil/Desktop/office/cflag/flx/plv/plivo-android-sdk/pjsip/pjproject-2.8/third_party/lib/libsrtp-arm-unknown-linux-androideabi.a(cipher.o):cipher.c:function srtp_cipher_type_test: error: undefined reference to 'rand'
/Users/anil/Desktop/office/cflag/flx/plv/plivo-android-sdk/pjsip/pjproject-2.8/third_party/lib/libsrtp-arm-unknown-linux-androideabi.a(cipher.o):cipher.c:function srtp_cipher_type_test: error: undefined reference to 'rand'
/Users/anil/Desktop/office/cflag/flx/plv/plivo-android-sdk/pjsip/pjproject-2.8/third_party/lib/libsrtp-arm-unknown-linux-androideabi.a(cipher.o):cipher.c:function srtp_cipher_type_test: error: undefined reference to 'rand'
/Users/anil/Desktop/office/cflag/flx/plv/plivo-android-sdk/pjsip/pjproject-2.8/third_party/lib/libsrtp-arm-unknown-linux-androideabi.a(cipher.o):cipher.c:function srtp_cipher_type_test: error: undefined reference to 'rand'
/Users/anil/Desktop/office/cflag/flx/plv/plivo-android-sdk/pjsip/pjproject-2.8/pjlib/lib/libpj-arm-unknown-linux-androideabi.a(rand.o)(.text.pj_srand+0x0): error: undefined reference to 'srand'
clang++: error: linker command failed with exit code 1 (use -v to see invocation)
make: *** [obj/local/armeabi-v7a/libpjplivo.so] Error 1
